<?xml version="1.0" encoding="utf-8"?><testsuites name="pytest tests"><testsuite name="pytest" errors="0" failures="0" skipped="0" tests="13" time="4.015" timestamp="2026-08-21T22:25:05.794078+00:00" hostname="agent-env-da5d1648-b486-4ad6-8191-0c56a21b8c3c"><testcase classname="tests.test_auth_methods" name="test_providers_shape" time="0.671" /><testcase classname="tests.test_auth_methods" name="test_register_valid_returns_session" time="0.587" /><testcase classname="tests.test_auth_methods" name="test_register_duplicate_returns_409" time="0.360" /><testcase classname="tests.test_auth_methods" name="test_register_short_password_400" time="0.069" /><testcase classname="tests.test_auth_methods" name="test_register_invalid_email_400" time="0.073" /><testcase classname="tests.test_auth_methods" name="test_login_success_and_me" time="0.658" /><testcase classname="tests.test_auth_methods" name="test_login_wrong_password_401" time="0.573" /><testcase classname="tests.test_auth_methods" name="test_login_nonexistent_email_401" time="0.275" /><testcase classname="tests.test_auth_methods" name="test_apple_invalid_token_401" time="0.072" /><testcase classname="tests.test_auth_methods" name="test_facebook_not_configured_503" time="0.067" /><testcase classname="tests.test_auth_methods" name="test_regression_test_token_still_works" time="0.056" /><testcase classname="tests.test_auth_methods" name="test_regression_markets_endpoint" time="0.078" /><testcase classname="tests.test_auth_methods" name="test_regression_currencies_public" time="0.055" /></testsuite></testsuites>