<?xml version="1.0" encoding="utf-8"?><testsuites name="pytest tests"><testsuite name="pytest" errors="0" failures="0" skipped="0" tests="31" time="4.972" timestamp="2026-08-21T09:48:39.759740+00:00" hostname="agent-env-da5d1648-b486-4ad6-8191-0c56a21b8c3c"><testcase classname="tests.test_despensa_api" name="test_currencies_returns_5_including_pyg" time="0.508" /><testcase classname="tests.test_despensa_api" name="test_auth_session_rejects_invalid_session_id" time="0.419" /><testcase classname="tests.test_despensa_api" name="test_authenticated_endpoint_requires_bearer" time="0.064" /><testcase classname="tests.test_despensa_api" name="test_auth_me_works_with_seeded_token" time="0.272" /><testcase classname="tests.test_despensa_api" name="test_markets_create" time="0.066" /><testcase classname="tests.test_despensa_api" name="test_markets_list_contains_created" time="0.064" /><testcase classname="tests.test_despensa_api" name="test_markets_update" time="0.124" /><testcase classname="tests.test_despensa_api" name="test_purchase_create_requires_valid_market" time="0.068" /><testcase classname="tests.test_despensa_api" name="test_purchase_create_ok" time="0.065" /><testcase classname="tests.test_despensa_api" name="test_purchase_get_by_id" time="0.072" /><testcase classname="tests.test_despensa_api" name="test_purchase_list" time="0.062" /><testcase classname="tests.test_despensa_api" name="test_monthly_report" time="0.064" /><testcase classname="tests.test_despensa_api" name="test_update_currency" time="0.086" /><testcase classname="tests.test_despensa_api" name="test_ocr_scan_returns_items_gracefully" time="1.244" /><testcase classname="tests.test_purchase_total" name="test_purchase_total_recalc_post_and_put" time="0.315" /><testcase classname="tests.test_purchase_total" name="test_purchase_multi_item_total" time="0.206" /><testcase classname="tests.test_shopping_lists" name="test_seed_purchases_for_history" time="0.152" /><testcase classname="tests.test_shopping_lists" name="test_products_history_returns_aggregated_and_cheapest" time="0.114" /><testcase classname="tests.test_shopping_lists" name="test_products_history_search_filter" time="0.056" /><testcase classname="tests.test_shopping_lists" name="test_create_shopping_list" time="0.061" /><testcase classname="tests.test_shopping_lists" name="test_list_shopping_lists_contains_new" time="0.077" /><testcase classname="tests.test_shopping_lists" name="test_get_shopping_list_by_id" time="0.076" /><testcase classname="tests.test_shopping_lists" name="test_get_shopping_list_other_user_404" time="0.058" /><testcase classname="tests.test_shopping_lists" name="test_get_nonexistent_list_returns_404" time="0.085" /><testcase classname="tests.test_shopping_lists" name="test_add_item_to_list" time="0.066" /><testcase classname="tests.test_shopping_lists" name="test_add_second_item" time="0.064" /><testcase classname="tests.test_shopping_lists" name="test_update_item_bought_stamps_market_and_date" time="0.088" /><testcase classname="tests.test_shopping_lists" name="test_update_item_back_to_pending_resets_paid_fields" time="0.084" /><testcase classname="tests.test_shopping_lists" name="test_update_item_status_unavailable" time="0.063" /><testcase classname="tests.test_shopping_lists" name="test_delete_item" time="0.061" /><testcase classname="tests.test_shopping_lists" name="test_delete_shopping_list" time="0.089" /></testsuite></testsuites>